<?xml version="1.0" encoding="UTF-8"?>
<!-- Generated by org.testng.reporters.JUnitReportReporter -->
<testsuite hostname="DESKTOP-I7IL1B7" failures="0" tests="1" name="register.TC_003_Register_validate_RegistrationMessageSuccess" time="17.055" errors="0" timestamp="2026-04-30T18:57:06 IST" skipped="0">
  <testcase classname="register.TC_003_Register_validate_RegistrationMessageSuccess" name="verifyRegisrationMessageSuccessAccountcreated" time="17.055"/>
</testsuite> <!-- register.TC_003_Register_validate_RegistrationMessageSuccess -->
