<?xml version="1.0" encoding="UTF-8"?>
<!-- Generated by org.testng.reporters.JUnitReportReporter -->
<testsuite hostname="DESKTOP-I7IL1B7" failures="0" tests="1" name="register.TC_004_RegisterPage_Field_ValidationMessage" time="16.807" errors="0" timestamp="2026-04-30T19:10:22 IST" skipped="0">
  <testcase classname="register.TC_004_RegisterPage_Field_ValidationMessage" name="verifyRegisrationMessageSuccessAccountcreated" time="16.807"/>
</testsuite> <!-- register.TC_004_RegisterPage_Field_ValidationMessage -->
